networklog/build/outputs/logs/manifest-merger-debug-report.txt
-- Merging decision tree log ---
manifest
ADDED from src/main/AndroidManifest.xml:2:1-38:12
	package
		ADDED from src/main/AndroidManifest.xml:3:3-38
		INJECTED from src/main/AndroidManifest.xml
		INJECTED from src/main/AndroidManifest.xml
	android:versionName
		ADDED from src/main/AndroidManifest.xml:5:3-31
		INJECTED from src/main/AndroidManifest.xml
		INJECTED from src/main/AndroidManifest.xml
	android:versionCode
		ADDED from src/main/AndroidManifest.xml:4:3-30
		INJECTED from src/main/AndroidManifest.xml
		INJECTED from src/main/AndroidManifest.xml
	xmlns:android
		ADDED from src/main/AndroidManifest.xml:2:11-69
uses-sdk
ADDED from src/main/AndroidManifest.xml:6:3-71
MERGED from [networklog:library:unspecified] AndroidManifest.xml:7:5-9:40
MERGED from [com.android.support:support-v4:22.2.1] AndroidManifest.xml:20:5-43
MERGED from [networklog:fileSelector:unspecified] AndroidManifest.xml:7:5-9:41
MERGED from [com.actionbarsherlock:actionbarsherlock:4.4.0] AndroidManifest.xml:3:3-70
	android:targetSdkVersion
		ADDED from src/main/AndroidManifest.xml:6:39-68
		INJECTED from src/main/AndroidManifest.xml
		INJECTED from src/main/AndroidManifest.xml
	android:minSdkVersion
		ADDED from src/main/AndroidManifest.xml:6:13-38
		INJECTED from src/main/AndroidManifest.xml
		INJECTED from src/main/AndroidManifest.xml
uses-feature#android.hardware.touchscreen
ADDED from src/main/AndroidManifest.xml:7:3-88
	android:required
		ADDED from src/main/AndroidManifest.xml:7:61-85
	android:name
		ADDED from src/main/AndroidManifest.xml:7:17-60
uses-permission#android.permission.INTERNET
ADDED from src/main/AndroidManifest.xml:8:3-65
	android:name
		ADDED from src/main/AndroidManifest.xml:8:20-62
uses-permission#android.permission.WRITE_EXTERNAL_STORAGE
ADDED from src/main/AndroidManifest.xml:9:3-79
MERGED from [networklog:fileSelector:unspecified] AndroidManifest.xml:11:5-81
	android:name
		ADDED from src/main/AndroidManifest.xml:9:20-76
uses-permission#android.permission.RECEIVE_BOOT_COMPLETED
ADDED from src/main/AndroidManifest.xml:10:3-79
	android:name
		ADDED from src/main/AndroidManifest.xml:10:20-76
uses-permission#android.permission.ACCESS_SUPERUSER
ADDED from src/main/AndroidManifest.xml:11:3-73
	android:name
		ADDED from src/main/AndroidManifest.xml:11:20-70
application
ADDED from src/main/AndroidManifest.xml:12:3-36:17
MERGED from [com.android.support:support-v4:22.2.1] AndroidManifest.xml:22:5-20
MERGED from [com.actionbarsherlock:actionbarsherlock:4.4.0] AndroidManifest.xml:4:3-17
	android:label
		ADDED from src/main/AndroidManifest.xml:13:5-37
	android:icon
		ADDED from src/main/AndroidManifest.xml:14:5-34
	android:theme
		ADDED from src/main/AndroidManifest.xml:15:5-55
activity#com.googlecode.networklog.NetworkLog
ADDED from src/main/AndroidManifest.xml:16:5-25:16
	android:label
		ADDED from src/main/AndroidManifest.xml:19:7-39
	android:launchMode
		ADDED from src/main/AndroidManifest.xml:17:7-38
	android:uiOptions
		ADDED from src/main/AndroidManifest.xml:20:7-51
	android:alwaysRetainTaskState
		ADDED from src/main/AndroidManifest.xml:18:7-43
	android:name
		ADDED from src/main/AndroidManifest.xml:16:15-40
intent-filter#android.intent.action.MAIN+android.intent.category.LAUNCHER
ADDED from src/main/AndroidManifest.xml:21:7-24:23
action#android.intent.action.MAIN
ADDED from src/main/AndroidManifest.xml:22:9-61
	android:name
		ADDED from src/main/AndroidManifest.xml:22:17-58
category#android.intent.category.LAUNCHER
ADDED from src/main/AndroidManifest.xml:23:9-69
	android:name
		ADDED from src/main/AndroidManifest.xml:23:19-66
activity#com.googlecode.networklog.Preferences
ADDED from src/main/AndroidManifest.xml:26:5-44
	android:name
		ADDED from src/main/AndroidManifest.xml:26:15-41
activity#com.googlecode.networklog.ErrorDialogActivity
ADDED from src/main/AndroidManifest.xml:27:5-28:67
	android:theme
		ADDED from src/main/AndroidManifest.xml:28:7-64
	android:name
		ADDED from src/main/AndroidManifest.xml:27:15-49
receiver#com.googlecode.networklog.BootCompletedReceiver
ADDED from src/main/AndroidManifest.xml:29:5-33:16
	android:name
		ADDED from src/main/AndroidManifest.xml:29:15-52
intent-filter#android.intent.action.BOOT_COMPLETED
ADDED from src/main/AndroidManifest.xml:30:7-32:23
action#android.intent.action.BOOT_COMPLETED
ADDED from src/main/AndroidManifest.xml:31:9-71
	android:name
		ADDED from src/main/AndroidManifest.xml:31:17-68
service#com.googlecode.networklog.NetworkLogService
ADDED from src/main/AndroidManifest.xml:34:5-35:43
	android:label
		ADDED from src/main/AndroidManifest.xml:35:7-40
	android:name
		ADDED from src/main/AndroidManifest.xml:34:14-47